TN:
SF:/Users/PTS/coding-house/InterviewAppServer/app/components/A/index.js
FN:7,(anonymous_1)
FN:19,_interopRequireDefault
FN:21,A
FNF:3
FNH:3
FNDA:0,(anonymous_1)
FNDA:2,_interopRequireDefault
FNDA:14,A
DA:0,2
DA:5,1
DA:7,1
DA:9,1
DA:10,14
DA:20,1
LF:6
LH:6
BRDA:7,1,0,1
BRDA:7,1,1,0
BRDA:7,2,0,0
BRDA:7,2,1,0
BRDA:19,3,0,0
BRDA:19,3,1,2
BRDA:19,4,0,2
BRDA:19,4,1,2
BRDA:23,5,0,14
BRDA:23,5,1,13
BRF:10
BRH:10
end_of_record
TN:
SF:/Users/PTS/coding-house/InterviewAppServer/app/components/A/tests/index.test.js
FN:17,_interopRequireDefault
FN:23,(anonymous_2)
FN:24,(anonymous_3)
FN:38,(anonymous_4)
FN:43,(anonymous_5)
FN:48,(anonymous_6)
FNF:6
FNH:6
FNDA:3,_interopRequireDefault
FNDA:1,(anonymous_2)
FNDA:1,(anonymous_3)
FNDA:1,(anonymous_4)
FNDA:1,(anonymous_5)
FNDA:1,(anonymous_6)
DA:0,3
DA:5,1
DA:7,1
DA:8,1
DA:9,1
DA:11,1
DA:12,1
DA:13,1
DA:14,1
DA:19,1
DA:22,1
DA:23,1
DA:24,1
DA:27,1
DA:28,1
DA:29,1
DA:32,1
DA:33,1
DA:34,1
LF:19
LH:19
BRDA:17,1,0,1
BRDA:17,1,1,2
BRDA:17,2,0,3
BRDA:17,2,1,3
BRF:4
BRH:4
end_of_record
TN:
SF:/Users/PTS/coding-house/InterviewAppServer/app/components/Button/index.js
FN:15,_interopRequireDefault
FN:25,Button
FNF:2
FNH:2
FNDA:2,_interopRequireDefault
FNDA:7,Button
DA:0,2
DA:9,1
DA:11,1
DA:13,1
DA:14,7
DA:17,7
DA:24,7
DA:25,3
DA:32,7
DA:39,1
LF:10
LH:10
BRDA:15,1,0,0
BRDA:15,1,1,2
BRDA:15,2,0,2
BRDA:15,2,1,2
BRDA:26,3,0,1
BRDA:26,3,1,6
BRDA:36,4,0,3
BRDA:36,4,1,4
BRF:8
BRH:8
end_of_record
TN:
SF:/Users/PTS/coding-house/InterviewAppServer/app/components/Button/tests/index.test.js
FN:17,_interopRequireDefault
FN:23,(anonymous_2)
FN:24,(anonymous_3)
FN:38,(anonymous_4)
FN:43,(anonymous_5)
FN:48,(anonymous_6)
FN:49,handler
FN:54,(anonymous_8)
FNF:8
FNH:7
FNDA:3,_interopRequireDefault
FNDA:1,(anonymous_2)
FNDA:1,(anonymous_3)
FNDA:1,(anonymous_4)
FNDA:1,(anonymous_5)
FNDA:1,(anonymous_6)
FNDA:0,handler
FNDA:1,(anonymous_8)
DA:0,3
DA:5,1
DA:7,1
DA:8,1
DA:9,1
DA:11,1
DA:12,1
DA:13,1
DA:14,1
DA:19,1
DA:22,1
DA:23,1
DA:24,1
DA:27,1
DA:28,1
DA:29,1
DA:32,1
DA:33,1
DA:35,1
DA:38,1
DA:39,1
DA:40,1
DA:41,1
DA:42,1
LF:24
LH:24
BRDA:17,1,0,1
BRDA:17,1,1,2
BRDA:17,2,0,3
BRDA:17,2,1,3
BRF:4
BRH:4
end_of_record
TN:
SF:/Users/PTS/coding-house/InterviewAppServer/app/components/Footer/index.js
FN:7,(anonymous_1)
FN:31,_interopRequireDefault
FN:33,Footer
FNF:3
FNH:3
FNDA:0,(anonymous_1)
FNDA:5,_interopRequireDefault
FNDA:2,Footer
DA:0,5
DA:1,1
DA:3,1
DA:4,1
DA:5,1
DA:6,1
DA:7,1
DA:9,1
DA:10,2
LF:9
LH:9
BRDA:7,1,0,1
BRDA:7,1,1,0
BRDA:7,2,0,0
BRDA:7,2,1,0
BRDA:31,3,0,3
BRDA:31,3,1,2
BRDA:31,4,0,5
BRDA:31,4,1,5
BRF:8
BRH:8
end_of_record
TN:
SF:/Users/PTS/coding-house/InterviewAppServer/app/components/Footer/messages.js
FNF:0
FNH:0
DA:0,1
DA:6,1
LF:2
LH:2
BRF:0
BRH:0
end_of_record
TN:
SF:/Users/PTS/coding-house/InterviewAppServer/app/containers/LocaleToggle/index.js
FN:8,(anonymous_1)
FN:8,defineProperties
FN:8,(anonymous_3)
FN:36,_interopRequireDefault
FN:38,_classCallCheck
FN:40,_possibleConstructorReturn
FN:42,_inherits
FN:48,(anonymous_8)
FN:51,LocaleToggle
FN:60,render
FN:76,(anonymous_11)
FN:80,mapDispatchToProps
FN:82,onLocaleToggle
FNF:13
FNH:12
FNDA:1,(anonymous_1)
FNDA:1,defineProperties
FNDA:1,(anonymous_3)
FNDA:4,_interopRequireDefault
FNDA:1,_classCallCheck
FNDA:1,_possibleConstructorReturn
FNDA:1,_inherits
FNDA:1,(anonymous_8)
FNDA:1,LocaleToggle
FNDA:1,render
FNDA:1,(anonymous_11)
FNDA:1,mapDispatchToProps
FNDA:0,onLocaleToggle
DA:0,4
DA:7,1
DA:8,1
DA:9,1
DA:10,1
DA:11,1
DA:12,1
DA:13,1
DA:14,1
DA:15,1
DA:19,1
DA:27,1
DA:31,1
DA:33,1
DA:36,1
DA:37,1
DA:38,0
LF:17
LH:16
BRDA:8,1,0,1
BRDA:8,1,1,1
BRDA:8,2,0,1
BRDA:8,2,1,0
BRDA:8,3,0,1
BRDA:8,3,1,0
BRDA:8,4,0,0
BRDA:8,4,1,1
BRDA:36,5,0,2
BRDA:36,5,1,2
BRDA:36,6,0,4
BRDA:36,6,1,4
BRDA:38,7,0,0
BRDA:38,7,1,1
BRDA:40,8,0,0
BRDA:40,8,1,1
BRDA:40,9,0,0
BRDA:40,9,1,1
BRDA:40,10,0,1
BRDA:40,10,1,0
BRDA:40,10,2,0
BRDA:42,11,0,0
BRDA:42,11,1,1
BRDA:42,12,0,1
BRDA:42,12,1,0
BRDA:42,13,0,1
BRDA:42,13,1,1
BRDA:42,14,0,1
BRDA:42,14,1,0
BRDA:42,15,0,1
BRDA:42,15,1,0
BRF:31
BRH:31
end_of_record
TN:
SF:/Users/PTS/coding-house/InterviewAppServer/app/containers/LanguageProvider/selectors.js
FN:13,selectLanguage
FN:14,(anonymous_2)
FN:23,selectLocale
FN:24,(anonymous_4)
FNF:4
FNH:4
FNDA:3,selectLanguage
FNDA:3,(anonymous_2)
FNDA:2,selectLocale
FNDA:2,(anonymous_4)
DA:0,1
DA:1,1
DA:6,3
DA:12,2
DA:14,2
LF:5
LH:5
BRF:0
BRH:0
end_of_record
TN:
SF:/Users/PTS/coding-house/InterviewAppServer/app/containers/LanguageProvider/actions.js
FN:10,changeLocale
FNF:1
FNH:1
FNDA:1,changeLocale
DA:0,1
DA:7,1
DA:12,1
LF:3
LH:3
BRF:0
BRH:0
end_of_record
TN:
SF:/Users/PTS/coding-house/InterviewAppServer/app/containers/LanguageProvider/constants.js
FNF:0
FNH:0
DA:0,1
DA:7,1
LF:2
LH:2
BRF:0
BRH:0
end_of_record
TN:
SF:/Users/PTS/coding-house/InterviewAppServer/app/i18n.js
FN:26,_interopRequireDefault
FN:39,formatTranslationMessages
FNF:2
FNH:2
FNDA:4,_interopRequireDefault
FNDA:2,formatTranslationMessages
DA:0,4
DA:7,1
DA:9,1
DA:10,1
DA:13,1
DA:15,1
DA:20,1
DA:21,1
DA:23,2
DA:24,2
DA:25,60
DA:26,60
DA:29,2
DA:32,1
LF:14
LH:14
BRDA:26,1,0,0
BRDA:26,1,1,4
BRDA:26,2,0,4
BRDA:26,2,1,4
BRDA:49,3,0,60
BRDA:49,3,1,12
BRDA:56,4,0,0
BRDA:56,4,1,2
BRDA:56,5,0,2
BRDA:56,5,1,0
BRDA:60,6,0,0
BRDA:60,6,1,2
BRF:12
BRH:9
end_of_record
TN:
SF:/Users/PTS/coding-house/InterviewAppServer/app/containers/LocaleToggle/messages.js
FN:12,_defineProperty
FN:19,getLocaleMessages
FN:20,(anonymous_3)
FNF:3
FNH:3
FNDA:4,_defineProperty
FNDA:2,getLocaleMessages
FNDA:4,(anonymous_3)
DA:0,4
DA:6,1
DA:7,1
DA:9,1
DA:10,4
LF:5
LH:5
BRDA:12,1,0,0
BRDA:12,1,1,4
BRF:2
BRH:2
end_of_record
TN:
SF:/Users/PTS/coding-house/InterviewAppServer/app/components/Toggle/index.js
FN:19,_interopRequireDefault
FN:22,Toggle
FN:32,(anonymous_3)
FNF:3
FNH:3
FNDA:3,_interopRequireDefault
FNDA:1,Toggle
FNDA:2,(anonymous_3)
DA:0,3
DA:7,1
DA:10,1
DA:11,1
DA:14,1
DA:17,1
DA:18,2
DA:23,1
DA:30,1
LF:9
LH:9
BRDA:19,1,0,1
BRDA:19,1,1,2
BRDA:19,2,0,3
BRDA:19,2,1,3
BRDA:31,3,0,1
BRDA:31,3,1,0
BRF:6
BRH:5
end_of_record
TN:
SF:/Users/PTS/coding-house/InterviewAppServer/app/components/ToggleOption/index.js
FN:13,_interopRequireDefault
FN:21,ToggleOption
FNF:2
FNH:2
FNDA:1,_interopRequireDefault
FNDA:2,ToggleOption
DA:0,1
DA:7,1
DA:8,1
DA:10,2
DA:16,1
LF:5
LH:5
BRDA:13,1,0,0
BRDA:13,1,1,1
BRDA:13,2,0,1
BRDA:13,2,1,1
BRF:4
BRH:4
end_of_record
TN:
SF:/Users/PTS/coding-house/InterviewAppServer/app/components/Footer/tests/index.test.js
FN:3,(anonymous_1)
FN:29,_interopRequireDefault
FN:31,(anonymous_3)
FN:32,(anonymous_4)
FN:45,(anonymous_5)
FNF:5
FNH:5
FNDA:0,(anonymous_1)
FNDA:5,_interopRequireDefault
FNDA:1,(anonymous_3)
FNDA:1,(anonymous_4)
FNDA:1,(anonymous_5)
DA:0,5
DA:1,1
DA:2,1
DA:3,1
DA:4,1
DA:6,1
DA:7,1
DA:8,1
DA:10,1
DA:11,1
DA:12,1
DA:15,1
DA:24,1
DA:25,1
DA:26,1
LF:15
LH:15
BRDA:3,1,0,1
BRDA:3,1,1,0
BRDA:3,2,0,0
BRDA:3,2,1,0
BRDA:29,3,0,3
BRDA:29,3,1,2
BRDA:29,4,0,5
BRDA:29,4,1,5
BRF:8
BRH:8
end_of_record
TN:
SF:/Users/PTS/coding-house/InterviewAppServer/app/components/H1/index.js
FN:7,(anonymous_1)
FN:17,_interopRequireDefault
FN:19,H1
FNF:3
FNH:3
FNDA:0,(anonymous_1)
FNDA:2,_interopRequireDefault
FNDA:3,H1
DA:0,2
DA:1,1
DA:3,1
DA:5,1
DA:6,3
LF:5
LH:5
BRDA:7,1,0,1
BRDA:7,1,1,0
BRDA:7,2,0,0
BRDA:7,2,1,0
BRDA:17,3,0,0
BRDA:17,3,1,2
BRDA:17,4,0,2
BRDA:17,4,1,2
BRF:8
BRH:8
end_of_record
TN:
SF:/Users/PTS/coding-house/InterviewAppServer/app/components/H1/tests/index.test.js
FN:17,_interopRequireDefault
FN:19,(anonymous_2)
FN:20,(anonymous_3)
FNF:3
FNH:3
FNDA:3,_interopRequireDefault
FNDA:1,(anonymous_2)
FNDA:1,(anonymous_3)
DA:0,3
DA:1,1
DA:3,1
DA:4,1
DA:5,1
DA:7,1
DA:8,1
DA:9,1
DA:10,1
DA:13,1
LF:10
LH:10
BRDA:17,1,0,1
BRDA:17,1,1,2
BRDA:17,2,0,3
BRDA:17,2,1,3
BRF:4
BRH:4
end_of_record
TN:
SF:/Users/PTS/coding-house/InterviewAppServer/app/components/H2/index.js
FN:7,(anonymous_1)
FN:17,_interopRequireDefault
FN:19,H2
FNF:3
FNH:3
FNDA:0,(anonymous_1)
FNDA:2,_interopRequireDefault
FNDA:1,H2
DA:0,2
DA:1,1
DA:3,1
DA:5,1
DA:6,1
LF:5
LH:5
BRDA:7,1,0,1
BRDA:7,1,1,0
BRDA:7,2,0,0
BRDA:7,2,1,0
BRDA:17,3,0,0
BRDA:17,3,1,2
BRDA:17,4,0,2
BRDA:17,4,1,2
BRF:8
BRH:8
end_of_record
TN:
SF:/Users/PTS/coding-house/InterviewAppServer/app/components/H2/tests/index.test.js
FN:17,_interopRequireDefault
FN:19,(anonymous_2)
FN:20,(anonymous_3)
FNF:3
FNH:3
FNDA:3,_interopRequireDefault
FNDA:1,(anonymous_2)
FNDA:1,(anonymous_3)
DA:0,3
DA:1,1
DA:3,1
DA:4,1
DA:5,1
DA:7,1
DA:8,1
DA:9,1
DA:10,1
DA:13,1
LF:10
LH:10
BRDA:17,1,0,1
BRDA:17,1,1,2
BRDA:17,2,0,3
BRDA:17,2,1,3
BRF:4
BRH:4
end_of_record
TN:
SF:/Users/PTS/coding-house/InterviewAppServer/app/components/H3/index.js
FN:11,_interopRequireDefault
FN:13,H3
FNF:2
FNH:2
FNDA:1,_interopRequireDefault
FNDA:1,H3
DA:0,1
DA:1,1
DA:3,1
DA:4,1
LF:4
LH:4
BRDA:11,1,0,0
BRDA:11,1,1,1
BRDA:11,2,0,1
BRDA:11,2,1,1
BRF:4
BRH:4
end_of_record
TN:
SF:/Users/PTS/coding-house/InterviewAppServer/app/components/H3/tests/index.test.js
FN:17,_interopRequireDefault
FN:19,(anonymous_2)
FN:20,(anonymous_3)
FNF:3
FNH:3
FNDA:3,_interopRequireDefault
FNDA:1,(anonymous_2)
FNDA:1,(anonymous_3)
DA:0,3
DA:1,1
DA:3,1
DA:4,1
DA:5,1
DA:7,1
DA:8,1
DA:9,1
DA:10,1
DA:13,1
LF:10
LH:10
BRDA:17,1,0,1
BRDA:17,1,1,2
BRDA:17,2,0,3
BRDA:17,2,1,3
BRF:4
BRH:4
end_of_record
TN:
SF:/Users/PTS/coding-house/InterviewAppServer/app/components/Img/index.js
FN:11,_interopRequireDefault
FN:13,Img
FNF:2
FNH:2
FNDA:1,_interopRequireDefault
FNDA:2,Img
DA:0,1
DA:8,1
DA:10,1
DA:11,2
DA:17,1
LF:5
LH:5
BRDA:11,1,0,0
BRDA:11,1,1,1
BRDA:11,2,0,1
BRDA:11,2,1,1
BRF:4
BRH:4
end_of_record
TN:
SF:/Users/PTS/coding-house/InterviewAppServer/app/components/Img/tests/index.test.js
FN:15,_interopRequireDefault
FN:17,(anonymous_2)
FN:18,(anonymous_3)
FN:23,(anonymous_4)
FNF:4
FNH:4
FNDA:2,_interopRequireDefault
FNDA:1,(anonymous_2)
FNDA:1,(anonymous_3)
FNDA:1,(anonymous_4)
DA:0,2
DA:1,1
DA:3,1
DA:4,1
DA:5,1
DA:7,1
DA:8,1
DA:9,1
DA:10,1
DA:13,1
DA:14,1
DA:15,1
LF:12
LH:12
BRDA:15,1,0,1
BRDA:15,1,1,1
BRDA:15,2,0,2
BRDA:15,2,1,2
BRF:4
BRH:4
end_of_record
TN:
SF:/Users/PTS/coding-house/InterviewAppServer/app/components/IssueIcon/index.js
FN:11,_interopRequireDefault
FN:13,IssueIcon
FNF:2
FNH:2
FNDA:1,_interopRequireDefault
FNDA:6,IssueIcon
DA:0,1
DA:1,1
DA:3,1
DA:4,6
DA:15,1
LF:5
LH:5
BRDA:11,1,0,0
BRDA:11,1,1,1
BRDA:11,2,0,1
BRDA:11,2,1,1
BRF:4
BRH:4
end_of_record
TN:
SF:/Users/PTS/coding-house/InterviewAppServer/app/components/IssueIcon/tests/index.test.js
FN:17,_interopRequireDefault
FN:19,(anonymous_2)
FN:20,(anonymous_3)
FNF:3
FNH:3
FNDA:3,_interopRequireDefault
FNDA:1,(anonymous_2)
FNDA:1,(anonymous_3)
DA:0,3
DA:1,1
DA:3,1
DA:4,1
DA:5,1
DA:7,1
DA:8,1
DA:9,1
DA:12,1
LF:9
LH:9
BRDA:17,1,0,1
BRDA:17,1,1,2
BRDA:17,2,0,3
BRDA:17,2,1,3
BRF:4
BRH:4
end_of_record
TN:
SF:/Users/PTS/coding-house/InterviewAppServer/app/components/List/index.js
FN:15,_interopRequireDefault
FN:17,List
FN:23,(anonymous_3)
FNF:3
FNH:3
FNDA:2,_interopRequireDefault
FNDA:2,List
FNDA:2,(anonymous_3)
DA:0,2
DA:1,1
DA:3,1
DA:5,1
DA:6,2
DA:7,2
DA:10,2
DA:11,2
DA:16,1
DA:19,2
DA:28,1
LF:11
LH:11
BRDA:15,1,0,0
BRDA:15,1,1,2
BRDA:15,2,0,2
BRDA:15,2,1,2
BRDA:22,3,0,1
BRDA:22,3,1,1
BRF:6
BRH:6
end_of_record
TN:
SF:/Users/PTS/coding-house/InterviewAppServer/app/components/List/tests/index.test.js
FN:21,_interopRequireDefault
FN:23,(anonymous_2)
FN:24,(anonymous_3)
FN:29,(anonymous_4)
FNF:4
FNH:4
FNDA:4,_interopRequireDefault
FNDA:1,(anonymous_2)
FNDA:1,(anonymous_3)
FNDA:1,(anonymous_4)
DA:0,4
DA:1,1
DA:2,1
DA:3,1
DA:5,1
DA:6,1
DA:8,1
DA:9,1
DA:10,1
DA:13,1
DA:16,1
DA:17,1
DA:21,1
DA:24,1
LF:14
LH:14
BRDA:21,1,0,2
BRDA:21,1,1,2
BRDA:21,2,0,4
BRDA:21,2,1,4
BRF:4
BRH:4
end_of_record
TN:
SF:/Users/PTS/coding-house/InterviewAppServer/app/components/ListItem/index.js
FN:15,_interopRequireDefault
FN:17,ListItem
FNF:2
FNH:2
FNDA:2,_interopRequireDefault
FNDA:10,ListItem
DA:0,2
DA:1,1
DA:3,1
DA:5,1
DA:6,10
DA:15,1
LF:6
LH:6
BRDA:15,1,0,0
BRDA:15,1,1,2
BRDA:15,2,0,2
BRDA:15,2,1,2
BRDA:20,3,0,10
BRDA:20,3,1,9
BRF:6
BRH:6
end_of_record
TN:
SF:/Users/PTS/coding-house/InterviewAppServer/app/components/ListItem/tests/index.test.js
FN:17,_interopRequireDefault
FN:19,(anonymous_2)
FN:20,(anonymous_3)
FN:25,(anonymous_4)
FNF:4
FNH:4
FNDA:3,_interopRequireDefault
FNDA:1,(anonymous_2)
FNDA:1,(anonymous_3)
FNDA:1,(anonymous_4)
DA:0,3
DA:1,1
DA:3,1
DA:4,1
DA:5,1
DA:7,1
DA:8,1
DA:9,1
DA:10,1
DA:13,1
DA:14,1
DA:15,1
DA:18,1
LF:13
LH:13
BRDA:17,1,0,1
BRDA:17,1,1,2
BRDA:17,2,0,3
BRDA:17,2,1,3
BRF:4
BRH:4
end_of_record
TN:
SF:/Users/PTS/coding-house/InterviewAppServer/app/components/LoadingIndicator/index.js
FN:15,_interopRequireDefault
FN:17,LoadingIndicator
FNF:2
FNH:2
FNDA:2,_interopRequireDefault
FNDA:1,LoadingIndicator
DA:0,2
DA:1,1
DA:3,1
DA:5,1
DA:6,1
LF:5
LH:5
BRDA:15,1,0,0
BRDA:15,1,1,2
BRDA:15,2,0,2
BRDA:15,2,1,2
BRF:4
BRH:4
end_of_record
TN:
SF:/Users/PTS/coding-house/InterviewAppServer/app/components/LoadingIndicator/tests/index.test.js
FN:17,_interopRequireDefault
FN:19,(anonymous_2)
FN:20,(anonymous_3)
FNF:3
FNH:3
FNDA:3,_interopRequireDefault
FNDA:1,(anonymous_2)
FNDA:1,(anonymous_3)
DA:0,3
DA:1,1
DA:3,1
DA:4,1
DA:5,1
DA:7,1
DA:8,1
DA:9,1
DA:12,1
LF:9
LH:9
BRDA:17,1,0,1
BRDA:17,1,1,2
BRDA:17,2,0,3
BRDA:17,2,1,3
BRF:4
BRH:4
end_of_record
TN:
SF:/Users/PTS/coding-house/InterviewAppServer/app/components/Toggle/tests/index.test.js
FN:19,_interopRequireDefault
FN:21,(anonymous_2)
FN:22,(anonymous_3)
FNF:3
FNH:3
FNDA:3,_interopRequireDefault
FNDA:1,(anonymous_2)
FNDA:1,(anonymous_3)
DA:0,3
DA:1,1
DA:3,1
DA:4,1
DA:5,1
DA:6,1
DA:8,1
DA:9,1
DA:10,1
DA:11,1
DA:12,1
DA:22,1
DA:27,1
LF:13
LH:13
BRDA:19,1,0,1
BRDA:19,1,1,2
BRDA:19,2,0,3
BRDA:19,2,1,3
BRF:4
BRH:4
end_of_record
TN:
SF:/Users/PTS/coding-house/InterviewAppServer/app/components/ToggleOption/tests/index.test.js
FN:19,_interopRequireDefault
FN:21,(anonymous_2)
FN:22,(anonymous_3)
FNF:3
FNH:3
FNDA:3,_interopRequireDefault
FNDA:1,(anonymous_2)
FNDA:1,(anonymous_3)
DA:0,3
DA:1,1
DA:3,1
DA:4,1
DA:5,1
DA:6,1
DA:8,1
DA:9,1
DA:10,1
DA:11,1
DA:17,1
DA:22,1
LF:12
LH:12
BRDA:19,1,0,1
BRDA:19,1,1,2
BRDA:19,2,0,3
BRDA:19,2,1,3
BRF:4
BRH:4
end_of_record
TN:
SF:/Users/PTS/coding-house/InterviewAppServer/app/containers/App/actions.js
FN:17,loadRepos
FN:48,reposLoaded
FN:63,repoLoadingError
FNF:3
FNH:0
FNDA:0,loadRepos
FNDA:0,reposLoaded
FNDA:0,repoLoadingError
DA:0,1
DA:18,1
DA:29,1
DA:30,0
DA:43,1
DA:44,0
DA:58,1
DA:59,0
LF:8
LH:5
BRF:0
BRH:0
end_of_record
TN:
SF:/Users/PTS/coding-house/InterviewAppServer/app/containers/App/constants.js
FNF:0
FNH:0
DA:0,1
DA:12,1
DA:13,1
DA:14,1
LF:4
LH:4
BRF:0
BRH:0
end_of_record
TN:
SF:/Users/PTS/coding-house/InterviewAppServer/app/containers/App/index.js
FN:25,_interopRequireDefault
FN:27,App
FNF:2
FNH:1
FNDA:4,_interopRequireDefault
FNDA:0,App
DA:0,4
DA:9,1
DA:10,1
DA:13,1
DA:15,1
DA:17,1
DA:19,1
DA:20,0
DA:35,1
LF:9
LH:8
BRDA:25,1,0,1
BRDA:25,1,1,3
BRDA:25,2,0,4
BRDA:25,2,1,4
BRF:4
BRH:4
end_of_record
TN:
SF:/Users/PTS/coding-house/InterviewAppServer/app/containers/App/reducer.js
FN:33,appReducer
FNF:1
FNH:1
FNDA:9,appReducer
DA:0,1
DA:13,1
DA:18,1
DA:21,1
DA:30,9
DA:31,9
DA:33,0
DA:38,0
DA:43,0
DA:47,9
LF:10
LH:7
BRDA:34,1,0,5
BRDA:34,1,1,4
BRDA:34,2,0,9
BRDA:34,2,1,9
BRDA:37,3,0,0
BRDA:37,3,1,0
BRDA:37,3,2,0
BRDA:37,3,3,9
BRF:8
BRH:5
end_of_record
TN:
SF:/Users/PTS/coding-house/InterviewAppServer/app/containers/App/selectors.js
FN:10,selectGlobal
FN:11,(anonymous_2)
FN:18,selectCurrentUser
FN:19,(anonymous_4)
FN:24,selectLoading
FN:25,(anonymous_6)
FN:30,selectError
FN:31,(anonymous_8)
FN:36,selectRepos
FN:37,(anonymous_10)
FN:42,selectLocationState
FN:46,(anonymous_12)
FNF:12
FNH:5
FNDA:4,selectGlobal
FNDA:0,(anonymous_2)
FNDA:1,selectCurrentUser
FNDA:0,(anonymous_4)
FNDA:1,selectLoading
FNDA:0,(anonymous_6)
FNDA:1,selectError
FNDA:0,(anonymous_8)
FNDA:1,selectRepos
FNDA:0,(anonymous_10)
FNDA:0,selectLocationState
FNDA:0,(anonymous_12)
DA:0,1
DA:5,1
DA:7,4
DA:9,1
DA:11,0
DA:14,1
DA:16,0
DA:19,1
DA:21,0
DA:24,1
DA:26,0
DA:29,1
DA:30,0
DA:31,0
DA:33,0
DA:34,0
DA:36,0
DA:37,0
DA:38,0
DA:41,0
LF:20
LH:8
BRDA:49,1,0,0
BRDA:49,1,1,0
BRF:2
BRH:0
end_of_record
TN:
SF:/Users/PTS/coding-house/InterviewAppServer/app/containers/App/tests/actions.test.js
FNF:0
FNH:0
LF:0
LH:0
BRF:0
BRH:0
end_of_record
TN:
SF:/Users/PTS/coding-house/InterviewAppServer/app/containers/App/tests/index.test.js
FNF:0
FNH:0
LF:0
LH:0
BRF:0
BRH:0
end_of_record
TN:
SF:/Users/PTS/coding-house/InterviewAppServer/app/containers/App/tests/reducer.test.js
FNF:0
FNH:0
LF:0
LH:0
BRF:0
BRH:0
end_of_record
TN:
SF:/Users/PTS/coding-house/InterviewAppServer/app/containers/App/tests/selectors.test.js
FNF:0
FNH:0
LF:0
LH:0
BRF:0
BRH:0
end_of_record
TN:
SF:/Users/PTS/coding-house/InterviewAppServer/app/containers/FeaturePage/index.js
FN:8,(anonymous_1)
FN:8,defineProperties
FN:8,(anonymous_3)
FN:40,_interopRequireDefault
FN:42,_classCallCheck
FN:44,_possibleConstructorReturn
FN:46,_inherits
FN:53,(anonymous_8)
FN:56,FeaturePage
FN:67,(anonymous_10)
FN:69,(anonymous_11)
FN:87,render
FN:190,mapDispatchToProps
FN:192,changeRoute
FNF:14
FNH:12
FNDA:1,(anonymous_1)
FNDA:1,defineProperties
FNDA:1,(anonymous_3)
FNDA:6,_interopRequireDefault
FNDA:2,_classCallCheck
FNDA:4,_possibleConstructorReturn
FNDA:1,_inherits
FNDA:1,(anonymous_8)
FNDA:2,FeaturePage
FNDA:1,(anonymous_10)
FNDA:1,(anonymous_11)
FNDA:2,render
FNDA:0,mapDispatchToProps
FNDA:0,changeRoute
DA:0,6
DA:6,1
DA:7,1
DA:8,1
DA:9,1
DA:11,1
DA:12,1
DA:13,1
DA:14,1
DA:16,1
DA:25,1
DA:32,1
DA:36,2
DA:100,1
DA:104,1
DA:105,0
DA:106,0
LF:17
LH:15
BRDA:8,1,0,1
BRDA:8,1,1,1
BRDA:8,2,0,1
BRDA:8,2,1,0
BRDA:8,3,0,1
BRDA:8,3,1,0
BRDA:8,4,0,0
BRDA:8,4,1,1
BRDA:40,5,0,3
BRDA:40,5,1,3
BRDA:40,6,0,6
BRDA:40,6,1,6
BRDA:42,7,0,0
BRDA:42,7,1,2
BRDA:44,8,0,0
BRDA:44,8,1,4
BRDA:44,9,0,2
BRDA:44,9,1,2
BRDA:44,10,0,4
BRDA:44,10,1,2
BRDA:44,10,2,0
BRDA:46,11,0,0
BRDA:46,11,1,1
BRDA:46,12,0,1
BRDA:46,12,1,0
BRDA:46,13,0,1
BRDA:46,13,1,1
BRDA:46,14,0,1
BRDA:46,14,1,0
BRDA:46,15,0,1
BRDA:46,15,1,0
BRF:31
BRH:31
end_of_record
TN:
SF:/Users/PTS/coding-house/InterviewAppServer/app/containers/FeaturePage/messages.js
FNF:0
FNH:0
DA:0,1
DA:6,1
LF:2
LH:2
BRF:0
BRH:0
end_of_record
TN:
SF:/Users/PTS/coding-house/InterviewAppServer/app/containers/FeaturePage/tests/index.test.js
FN:25,_interopRequireDefault
FN:27,(anonymous_2)
FN:28,(anonymous_3)
FN:37,(anonymous_4)
FN:41,openRoute
FNF:5
FNH:5
FNDA:4,_interopRequireDefault
FNDA:1,(anonymous_2)
FNDA:1,(anonymous_3)
FNDA:1,(anonymous_4)
FNDA:1,openRoute
DA:0,4
DA:1,1
DA:2,1
DA:3,1
DA:5,1
DA:6,1
DA:7,1
DA:8,1
DA:10,1
DA:11,1
DA:12,1
DA:15,1
DA:22,1
DA:23,1
DA:26,1
DA:27,1
DA:28,1
DA:32,1
DA:37,1
DA:38,1
DA:39,1
LF:21
LH:21
BRDA:25,1,0,2
BRDA:25,1,1,2
BRDA:25,2,0,4
BRDA:25,2,1,4
BRDA:42,3,0,1
BRDA:42,3,1,0
BRF:6
BRH:5
end_of_record
TN:
SF:/Users/PTS/coding-house/InterviewAppServer/app/containers/HomePage/actions.js
FN:7,(anonymous_1)
FN:39,changeEmail
FN:46,changePassword
FN:53,login
FN:64,loginSuccess
FN:70,loginFailure
FNF:6
FNH:1
FNDA:0,(anonymous_1)
FNDA:0,changeEmail
FNDA:0,changePassword
FNDA:0,login
FNDA:0,loginSuccess
FNDA:0,loginFailure
DA:0,1
DA:18,1
DA:33,1
DA:34,0
DA:40,1
DA:41,0
DA:47,1
DA:48,0
DA:55,1
DA:56,0
DA:62,1
DA:63,0
LF:12
LH:7
BRDA:7,1,0,1
BRDA:7,1,1,0
BRDA:7,2,0,0
BRDA:7,2,1,0
BRF:4
BRH:4
end_of_record
TN:
SF:/Users/PTS/coding-house/InterviewAppServer/app/containers/HomePage/constants.js
FNF:0
FNH:0
DA:0,1
DA:12,1
DA:13,1
DA:14,1
DA:15,1
DA:16,1
LF:6
LH:6
BRF:0
BRH:0
end_of_record
TN:
SF:/Users/PTS/coding-house/InterviewAppServer/app/containers/HomePage/index.js
FN:8,(anonymous_1)
FN:8,defineProperties
FN:8,(anonymous_3)
FN:64,_interopRequireDefault
FN:66,_classCallCheck
FN:68,_possibleConstructorReturn
FN:70,_inherits
FN:78,(anonymous_8)
FN:81,HomePage
FN:92,(anonymous_10)
FN:94,(anonymous_11)
FN:96,(anonymous_12)
FN:113,componentDidMount
FN:131,render
FN:140,ErrorComponent
FN:250,mapDispatchToProps
FN:252,onChangeEmail
FN:255,onChangePassword
FN:258,changeRoute
FN:261,login
FNF:20
FNH:11
FNDA:1,(anonymous_1)
FNDA:1,defineProperties
FNDA:1,(anonymous_3)
FNDA:10,_interopRequireDefault
FNDA:0,_classCallCheck
FNDA:0,_possibleConstructorReturn
FNDA:1,_inherits
FNDA:1,(anonymous_8)
FNDA:0,HomePage
FNDA:0,(anonymous_10)
FNDA:0,(anonymous_11)
FNDA:0,(anonymous_12)
FNDA:0,componentDidMount
FNDA:0,render
FNDA:0,ErrorComponent
FNDA:0,mapDispatchToProps
FNDA:0,onChangeEmail
FNDA:0,onChangePassword
FNDA:0,changeRoute
FNDA:0,login
DA:0,10
DA:7,1
DA:8,1
DA:9,1
DA:10,1
DA:12,1
DA:13,1
DA:15,1
DA:21,1
DA:26,1
DA:29,1
DA:30,1
DA:31,1
DA:32,1
DA:33,1
DA:34,1
DA:35,1
DA:37,1
DA:44,0
DA:45,0
DA:54,0
DA:61,0
DA:64,0
DA:65,0
DA:67,0
DA:70,0
DA:71,0
DA:74,0
DA:75,0
DA:78,0
DA:79,0
DA:82,0
DA:85,0
DA:86,0
DA:91,0
DA:149,1
DA:167,1
DA:168,0
DA:169,0
DA:170,0
DA:171,0
DA:172,0
DA:178,1
LF:43
LH:21
BRDA:8,1,0,2
BRDA:8,1,1,2
BRDA:8,2,0,2
BRDA:8,2,1,0
BRDA:8,3,0,1
BRDA:8,3,1,0
BRDA:8,4,0,0
BRDA:8,4,1,1
BRDA:64,5,0,7
BRDA:64,5,1,3
BRDA:64,6,0,10
BRDA:64,6,1,10
BRDA:66,7,0,0
BRDA:66,7,1,0
BRDA:68,8,0,0
BRDA:68,8,1,0
BRDA:68,9,0,0
BRDA:68,9,1,0
BRDA:68,10,0,0
BRDA:68,10,1,0
BRDA:68,10,2,0
BRDA:70,11,0,0
BRDA:70,11,1,1
BRDA:70,12,0,1
BRDA:70,12,1,0
BRDA:70,13,0,1
BRDA:70,13,1,1
BRDA:70,14,0,1
BRDA:70,14,1,0
BRDA:70,15,0,1
BRDA:70,15,1,0
BRDA:97,16,0,0
BRDA:97,16,1,0
BRDA:97,17,0,0
BRDA:97,17,1,0
BRDA:114,18,0,0
BRDA:114,18,1,0
BRDA:114,19,0,0
BRDA:114,19,1,0
BRDA:135,20,0,0
BRDA:135,20,1,0
BRDA:139,21,0,0
BRDA:139,21,1,0
BRDA:146,22,0,0
BRDA:146,22,1,0
BRF:45
BRH:31
end_of_record
TN:
SF:/Users/PTS/coding-house/InterviewAppServer/app/containers/HomePage/messages.js
FNF:0
FNH:0
DA:0,1
DA:6,1
LF:2
LH:2
BRF:0
BRH:0
end_of_record
TN:
SF:/Users/PTS/coding-house/InterviewAppServer/app/containers/HomePage/selectors.js
FN:10,selectHome
FN:11,(anonymous_2)
FN:18,selectEmail
FN:19,(anonymous_4)
FN:24,selectPassword
FN:25,(anonymous_6)
FN:30,selectAttempting
FN:31,(anonymous_8)
FN:36,selectUser
FN:37,(anonymous_10)
FN:42,selectError
FN:43,(anonymous_12)
FNF:12
FNH:3
FNDA:2,selectHome
FNDA:0,(anonymous_2)
FNDA:1,selectEmail
FNDA:0,(anonymous_4)
FNDA:1,selectPassword
FNDA:0,(anonymous_6)
FNDA:0,selectAttempting
FNDA:0,(anonymous_8)
FNDA:0,selectUser
FNDA:0,(anonymous_10)
FNDA:0,selectError
FNDA:0,(anonymous_12)
DA:0,1
DA:5,1
DA:7,2
DA:9,1
DA:11,0
DA:14,1
DA:16,0
DA:19,1
DA:21,0
DA:24,1
DA:26,0
DA:29,1
DA:31,0
LF:13
LH:8
BRF:0
BRH:0
end_of_record
TN:
SF:/Users/PTS/coding-house/InterviewAppServer/app/containers/RepoListItem/index.js
FN:8,(anonymous_1)
FN:8,defineProperties
FN:8,(anonymous_3)
FN:38,_interopRequireDefault
FN:40,_classCallCheck
FN:42,_possibleConstructorReturn
FN:44,_inherits
FN:50,(anonymous_8)
FN:53,RepoListItem
FN:62,render
FN:110,(anonymous_11)
FNF:11
FNH:10
FNDA:1,(anonymous_1)
FNDA:1,defineProperties
FNDA:1,(anonymous_3)
FNDA:5,_interopRequireDefault
FNDA:6,_classCallCheck
FNDA:6,_possibleConstructorReturn
FNDA:1,_inherits
FNDA:1,(anonymous_8)
FNDA:6,RepoListItem
FNDA:6,render
FNDA:0,(anonymous_11)
DA:0,6
DA:7,1
DA:8,1
DA:9,1
DA:11,1
DA:12,1
DA:13,1
DA:14,1
DA:15,1
DA:17,1
DA:21,6
DA:22,6
DA:26,6
DA:27,5
DA:31,6
DA:52,6
DA:58,1
DA:65,0
LF:18
LH:17
BRDA:8,1,0,1
BRDA:8,1,1,1
BRDA:8,2,0,1
BRDA:8,2,1,0
BRDA:8,3,0,1
BRDA:8,3,1,0
BRDA:8,4,0,0
BRDA:8,4,1,1
BRDA:38,5,0,3
BRDA:38,5,1,2
BRDA:38,6,0,5
BRDA:38,6,1,5
BRDA:40,7,0,0
BRDA:40,7,1,6
BRDA:42,8,0,0
BRDA:42,8,1,6
BRDA:42,9,0,0
BRDA:42,9,1,6
BRDA:42,10,0,6
BRDA:42,10,1,0
BRDA:42,10,2,0
BRDA:44,11,0,0
BRDA:44,11,1,1
BRDA:44,12,0,1
BRDA:44,12,1,0
BRDA:44,13,0,1
BRDA:44,13,1,1
BRDA:44,14,0,1
BRDA:44,14,1,0
BRDA:44,15,0,1
BRDA:44,15,1,0
BRDA:68,16,0,5
BRDA:68,16,1,1
BRF:33
BRH:33
end_of_record
TN:
SF:/Users/PTS/coding-house/InterviewAppServer/app/containers/HomePage/reducer.js
FN:32,homeReducer
FNF:1
FNH:0
FNDA:0,homeReducer
DA:0,1
DA:13,1
DA:20,1
DA:23,1
DA:31,1
DA:32,0
DA:34,0
DA:37,0
DA:40,0
DA:42,0
DA:44,0
DA:47,0
DA:49,0
DA:54,0
LF:14
LH:5
BRDA:33,1,0,0
BRDA:33,1,1,0
BRDA:33,2,0,0
BRDA:33,2,1,0
BRDA:36,3,0,0
BRDA:36,3,1,0
BRDA:36,3,2,0
BRDA:36,3,3,0
BRDA:36,3,4,0
BRDA:36,3,5,0
BRF:10
BRH:0
end_of_record
TN:
SF:/Users/PTS/coding-house/InterviewAppServer/app/containers/HomePage/sagas.js
FN:24,_interopRequireDefault
FN:33,login
FN:35,login$
FN:100,watchLogin
FN:101,watchLogin$
FN:132,loginSaga
FN:134,loginSaga$
FNF:7
FNH:1
FNDA:1,_interopRequireDefault
FNDA:0,login
FNDA:0,login$
FNDA:0,watchLogin
FNDA:0,watchLogin$
FNDA:0,loginSaga
FNDA:0,loginSaga$
DA:0,1
DA:5,1
DA:6,1
DA:7,1
DA:8,1
DA:10,1
DA:11,1
DA:16,1
DA:17,0
DA:18,0
DA:19,0
DA:22,0
DA:33,0
DA:36,0
DA:37,0
DA:40,0
DA:48,1
DA:57,1
DA:59,0
LF:19
LH:10
BRDA:24,1,0,1
BRDA:24,1,1,0
BRDA:24,2,0,1
BRDA:24,2,1,1
BRDA:37,3,0,0
BRDA:37,3,1,0
BRDA:37,3,2,0
BRDA:37,3,3,0
BRDA:37,3,4,0
BRDA:37,3,5,0
BRDA:37,3,6,0
BRDA:37,3,7,0
BRDA:70,4,0,0
BRDA:70,4,1,0
BRDA:103,5,0,0
BRDA:103,5,1,0
BRDA:103,5,2,0
BRDA:103,5,3,0
BRDA:103,5,4,0
BRDA:109,6,0,0
BRDA:109,6,1,0
BRDA:136,7,0,0
BRDA:136,7,1,0
BRDA:136,7,2,0
BRDA:136,7,3,0
BRDA:136,7,4,0
BRF:26
BRH:4
end_of_record
TN:
SF:/Users/PTS/coding-house/InterviewAppServer/app/utils/request.js
FN:17,parseJSON
FN:28,checkStatus
FN:46,request
FN:47,(anonymous_4)
FN:49,(anonymous_5)
FNF:5
FNH:5
FNDA:1,parseJSON
FNDA:2,checkStatus
FNDA:2,request
FNDA:1,(anonymous_4)
FNDA:1,(anonymous_5)
DA:0,1
DA:1,1
DA:10,1
DA:11,1
DA:21,1
DA:22,2
DA:23,1
DA:26,1
DA:27,1
DA:28,1
DA:39,1
DA:40,2
DA:43,1
DA:44,1
LF:14
LH:14
BRDA:29,1,0,1
BRDA:29,1,1,1
BRF:2
BRH:2
end_of_record
TN:
SF:/Users/PTS/coding-house/InterviewAppServer/app/containers/HomePage/tests/actions.test.js
FNF:0
FNH:0
LF:0
LH:0
BRF:0
BRH:0
end_of_record
TN:
SF:/Users/PTS/coding-house/InterviewAppServer/app/containers/HomePage/tests/index.test.js
FNF:0
FNH:0
LF:0
LH:0
BRF:0
BRH:0
end_of_record
TN:
SF:/Users/PTS/coding-house/InterviewAppServer/app/containers/HomePage/tests/reducer.test.js
FNF:0
FNH:0
LF:0
LH:0
BRF:0
BRH:0
end_of_record
TN:
SF:/Users/PTS/coding-house/InterviewAppServer/app/containers/HomePage/tests/sagas.test.js
FNF:0
FNH:0
LF:0
LH:0
BRF:0
BRH:0
end_of_record
TN:
SF:/Users/PTS/coding-house/InterviewAppServer/app/containers/HomePage/tests/selectors.test.js
FNF:0
FNH:0
LF:0
LH:0
BRF:0
BRH:0
end_of_record
TN:
SF:/Users/PTS/coding-house/InterviewAppServer/app/containers/LanguageProvider/index.js
FN:8,(anonymous_1)
FN:8,defineProperties
FN:8,(anonymous_3)
FN:22,_interopRequireDefault
FN:24,_classCallCheck
FN:26,_possibleConstructorReturn
FN:28,_inherits
FN:36,(anonymous_8)
FN:39,LanguageProvider
FN:48,render
FN:66,(anonymous_11)
FNF:11
FNH:11
FNDA:1,(anonymous_1)
FNDA:1,defineProperties
FNDA:1,(anonymous_3)
FNDA:1,_interopRequireDefault
FNDA:1,_classCallCheck
FNDA:1,_possibleConstructorReturn
FNDA:1,_inherits
FNDA:1,(anonymous_8)
FNDA:1,LanguageProvider
FNDA:1,render
FNDA:1,(anonymous_11)
DA:0,1
DA:9,1
DA:10,1
DA:11,1
DA:12,1
DA:13,1
DA:17,1
DA:25,1
DA:31,1
DA:33,1
LF:10
LH:10
BRDA:8,1,0,1
BRDA:8,1,1,1
BRDA:8,2,0,1
BRDA:8,2,1,0
BRDA:8,3,0,1
BRDA:8,3,1,0
BRDA:8,4,0,0
BRDA:8,4,1,1
BRDA:22,5,0,0
BRDA:22,5,1,1
BRDA:22,6,0,1
BRDA:22,6,1,1
BRDA:24,7,0,0
BRDA:24,7,1,1
BRDA:26,8,0,0
BRDA:26,8,1,1
BRDA:26,9,0,0
BRDA:26,9,1,1
BRDA:26,10,0,1
BRDA:26,10,1,0
BRDA:26,10,2,0
BRDA:28,11,0,0
BRDA:28,11,1,1
BRDA:28,12,0,1
BRDA:28,12,1,0
BRDA:28,13,0,1
BRDA:28,13,1,1
BRDA:28,14,0,1
BRDA:28,14,1,0
BRDA:28,15,0,1
BRDA:28,15,1,0
BRF:31
BRH:31
end_of_record
TN:
SF:/Users/PTS/coding-house/InterviewAppServer/app/containers/LanguageProvider/reducer.js
FN:21,languageProviderReducer
FNF:1
FNH:1
FNDA:10,languageProviderReducer
DA:0,1
DA:7,1
DA:8,1
DA:12,1
DA:16,10
DA:17,10
DA:19,0
DA:22,10
LF:8
LH:7
BRDA:22,1,0,6
BRDA:22,1,1,4
BRDA:22,2,0,10
BRDA:22,2,1,10
BRDA:25,3,0,0
BRDA:25,3,1,10
BRF:6
BRH:5
end_of_record
TN:
SF:/Users/PTS/coding-house/InterviewAppServer/app/containers/LanguageProvider/tests/actions.test.js
FN:11,_interopRequireDefault
FN:13,(anonymous_2)
FN:14,(anonymous_3)
FN:15,(anonymous_4)
FNF:4
FNH:4
FNDA:1,_interopRequireDefault
FNDA:1,(anonymous_2)
FNDA:1,(anonymous_3)
FNDA:1,(anonymous_4)
DA:0,1
DA:1,1
DA:2,1
DA:5,1
DA:9,1
DA:10,1
DA:11,1
DA:12,1
DA:16,1
LF:9
LH:9
BRDA:11,1,0,0
BRDA:11,1,1,1
BRDA:11,2,0,1
BRDA:11,2,1,1
BRF:4
BRH:4
end_of_record
TN:
SF:/Users/PTS/coding-house/InterviewAppServer/app/containers/LanguageProvider/tests/index.test.js
FN:29,_interopRequireDefault
FN:31,(anonymous_2)
FN:34,(anonymous_3)
FN:38,(anonymous_4)
FNF:4
FNH:4
FNDA:4,_interopRequireDefault
FNDA:1,(anonymous_2)
FNDA:1,(anonymous_3)
FNDA:1,(anonymous_4)
DA:0,4
DA:1,1
DA:3,1
DA:4,1
DA:5,1
DA:6,1
DA:7,1
DA:8,1
DA:9,1
DA:10,1
DA:12,1
DA:13,1
DA:15,1
DA:16,1
DA:19,1
DA:20,1
DA:26,1
DA:33,1
LF:18
LH:18
BRDA:29,1,0,2
BRDA:29,1,1,2
BRDA:29,2,0,4
BRDA:29,2,1,4
BRF:4
BRH:4
end_of_record
TN:
SF:/Users/PTS/coding-house/InterviewAppServer/app/store.js
FN:22,_interopRequireDefault
FN:28,(anonymous_2)
FN:29,(anonymous_3)
FN:34,configureStore
FN:54,(anonymous_5)
FN:55,(anonymous_6)
FNF:6
FNH:6
FNDA:2,_interopRequireDefault
FNDA:5,(anonymous_2)
FNDA:5,(anonymous_3)
FNDA:5,configureStore
FNDA:0,(anonymous_5)
FNDA:0,(anonymous_6)
DA:0,2
DA:5,1
DA:6,1
DA:7,1
DA:8,1
DA:9,1
DA:12,5
DA:14,5
DA:18,5
DA:23,5
DA:28,5
DA:35,5
DA:36,5
DA:40,5
DA:41,1
DA:42,1
DA:43,1
DA:44,1
DA:46,1
DA:51,5
LF:20
LH:20
BRDA:22,1,0,2
BRDA:22,1,1,0
BRDA:22,2,0,2
BRDA:22,2,1,2
BRDA:28,3,0,1
BRDA:28,3,1,1
BRDA:35,4,0,0
BRDA:35,4,1,5
BRDA:35,5,0,5
BRDA:35,5,1,5
BRDA:53,6,0,0
BRDA:53,6,1,5
BRF:12
BRH:11
end_of_record
TN:
SF:/Users/PTS/coding-house/InterviewAppServer/app/reducers.js
FN:7,(anonymous_1)
FN:28,_interopRequireDefault
FN:46,routeReducer
FN:64,createReducer
FNF:4
FNH:4
FNDA:0,(anonymous_1)
FNDA:2,_interopRequireDefault
FNDA:9,routeReducer
FNDA:7,createReducer
DA:0,2
DA:6,1
DA:7,1
DA:8,1
DA:10,1
DA:11,1
DA:22,1
DA:29,9
DA:30,9
DA:33,1
DA:37,9
DA:44,1
DA:45,7
LF:13
LH:13
BRDA:7,1,0,1
BRDA:7,1,1,0
BRDA:7,2,0,0
BRDA:7,2,1,0
BRDA:28,3,0,2
BRDA:28,3,1,0
BRDA:28,4,0,2
BRDA:28,4,1,2
BRDA:47,5,0,5
BRDA:47,5,1,4
BRDA:47,6,0,9
BRDA:47,6,1,9
BRDA:50,7,0,0
BRDA:50,7,1,9
BRF:14
BRH:14
end_of_record
TN:
SF:/Users/PTS/coding-house/InterviewAppServer/app/containers/LanguageProvider/tests/reducer.test.js
FN:13,_interopRequireDefault
FN:15,(anonymous_2)
FN:16,(anonymous_3)
FNF:3
FNH:3
FNDA:2,_interopRequireDefault
FNDA:1,(anonymous_2)
FNDA:1,(anonymous_3)
DA:0,2
DA:1,1
DA:2,1
DA:3,1
DA:5,1
DA:6,1
DA:7,1
LF:7
LH:7
BRDA:13,1,0,1
BRDA:13,1,1,1
BRDA:13,2,0,2
BRDA:13,2,1,2
BRF:4
BRH:4
end_of_record
TN:
SF:/Users/PTS/coding-house/InterviewAppServer/app/containers/LanguageProvider/tests/selectors.test.js
FN:11,_interopRequireDefault
FN:13,(anonymous_2)
FN:15,(anonymous_3)
FNF:3
FNH:3
FNDA:1,_interopRequireDefault
FNDA:1,(anonymous_2)
FNDA:1,(anonymous_3)
DA:0,1
DA:1,1
DA:4,1
DA:5,1
DA:7,1
DA:8,1
DA:9,1
DA:10,1
DA:11,1
DA:14,1
LF:10
LH:10
BRDA:11,1,0,0
BRDA:11,1,1,1
BRDA:11,2,0,1
BRDA:11,2,1,1
BRF:4
BRH:4
end_of_record
TN:
SF:/Users/PTS/coding-house/InterviewAppServer/app/containers/LocaleToggle/tests/index.test.js
FN:31,_interopRequireDefault
FN:33,(anonymous_2)
FN:36,(anonymous_3)
FN:40,(anonymous_4)
FN:53,(anonymous_5)
FNF:5
FNH:5
FNDA:5,_interopRequireDefault
FNDA:1,(anonymous_2)
FNDA:1,(anonymous_3)
FNDA:1,(anonymous_4)
FNDA:1,(anonymous_5)
DA:0,5
DA:1,1
DA:2,1
DA:4,1
DA:5,1
DA:6,1
DA:7,1
DA:8,1
DA:9,1
DA:10,1
DA:12,1
DA:13,1
DA:15,1
DA:16,1
DA:19,1
DA:20,1
DA:27,1
DA:30,1
DA:31,1
DA:38,1
LF:20
LH:20
BRDA:31,1,0,3
BRDA:31,1,1,2
BRDA:31,2,0,5
BRDA:31,2,1,5
BRF:4
BRH:4
end_of_record
TN:
SF:/Users/PTS/coding-house/InterviewAppServer/app/containers/LocaleToggle/tests/messages.test.js
FN:9,_interopRequireDefault
FN:11,(anonymous_2)
FN:12,(anonymous_3)
FNF:3
FNH:3
FNDA:1,_interopRequireDefault
FNDA:1,(anonymous_2)
FNDA:1,(anonymous_3)
DA:0,1
DA:1,1
DA:2,1
DA:4,1
DA:5,1
DA:6,1
DA:17,1
DA:19,1
LF:8
LH:8
BRDA:9,1,0,0
BRDA:9,1,1,1
BRDA:9,2,0,1
BRDA:9,2,1,1
BRF:4
BRH:4
end_of_record
TN:
SF:/Users/PTS/coding-house/InterviewAppServer/app/containers/NotFoundPage/index.js
FN:30,_interopRequireDefault
FN:32,NotFound
FN:44,redirect
FN:62,mapDispatchToProps
FN:64,changeRoute
FNF:5
FNH:3
FNDA:4,_interopRequireDefault
FNDA:3,NotFound
FNDA:1,redirect
FNDA:0,mapDispatchToProps
FNDA:0,changeRoute
DA:0,4
DA:7,1
DA:8,1
DA:9,1
DA:11,1
DA:12,1
DA:13,1
DA:14,1
DA:17,3
DA:24,1
DA:33,1
DA:38,1
DA:39,0
DA:40,0
LF:14
LH:12
BRDA:30,1,0,3
BRDA:30,1,1,1
BRDA:30,2,0,4
BRDA:30,2,1,4
BRF:4
BRH:4
end_of_record
TN:
SF:/Users/PTS/coding-house/InterviewAppServer/app/containers/NotFoundPage/messages.js
FNF:0
FNH:0
DA:0,1
DA:6,1
LF:2
LH:2
BRF:0
BRH:0
end_of_record
TN:
SF:/Users/PTS/coding-house/InterviewAppServer/app/containers/NotFoundPage/tests/index.test.js
FN:25,_interopRequireDefault
FN:27,(anonymous_2)
FN:28,(anonymous_3)
FN:40,(anonymous_4)
FN:46,(anonymous_5)
FN:48,onChangeRoute
FNF:6
FNH:6
FNDA:4,_interopRequireDefault
FNDA:1,(anonymous_2)
FNDA:1,(anonymous_3)
FNDA:1,(anonymous_4)
FNDA:1,(anonymous_5)
FNDA:1,onChangeRoute
DA:0,4
DA:5,1
DA:6,1
DA:7,1
DA:9,1
DA:10,1
DA:11,1
DA:12,1
DA:15,1
DA:16,1
DA:19,1
DA:28,1
DA:29,1
DA:32,1
DA:33,1
DA:36,1
DA:37,1
DA:38,1
DA:39,1
DA:40,1
DA:44,1
DA:49,1
DA:50,1
DA:51,1
LF:24
LH:24
BRDA:25,1,0,2
BRDA:25,1,1,2
BRDA:25,2,0,4
BRDA:25,2,1,4
BRDA:49,3,0,1
BRDA:49,3,1,0
BRF:6
BRH:5
end_of_record
TN:
SF:/Users/PTS/coding-house/InterviewAppServer/app/containers/RepoListItem/tests/index.test.js
FN:21,_interopRequireDefault
FN:27,(anonymous_2)
FN:31,(anonymous_3)
FN:43,(anonymous_4)
FN:48,(anonymous_5)
FN:57,(anonymous_6)
FN:66,(anonymous_7)
FN:75,(anonymous_8)
FN:84,(anonymous_9)
FNF:9
FNH:9
FNDA:3,_interopRequireDefault
FNDA:1,(anonymous_2)
FNDA:6,(anonymous_3)
FNDA:1,(anonymous_4)
FNDA:1,(anonymous_5)
FNDA:1,(anonymous_6)
FNDA:1,(anonymous_7)
FNDA:1,(anonymous_8)
FNDA:1,(anonymous_9)
DA:0,3
DA:5,1
DA:6,1
DA:7,1
DA:9,1
DA:10,1
DA:11,1
DA:13,1
DA:14,1
DA:17,1
DA:18,6
DA:29,1
DA:30,1
DA:33,1
DA:36,1
DA:37,1
DA:42,1
DA:45,1
DA:46,1
DA:51,1
DA:54,1
DA:55,1
DA:60,1
DA:63,1
DA:64,1
DA:69,1
DA:72,1
DA:73,1
DA:78,1
LF:29
LH:29
BRDA:21,1,0,1
BRDA:21,1,1,2
BRDA:21,2,0,3
BRDA:21,2,1,3
BRF:4
BRH:4
end_of_record
TN:
SF:/Users/PTS/coding-house/InterviewAppServer/app/tests/store.test.js
FN:3,(anonymous_1)
FN:3,(anonymous_2)
FN:17,_interopRequireDefault
FN:19,(anonymous_4)
FN:22,(anonymous_5)
FN:26,(anonymous_6)
FN:27,(anonymous_7)
FN:32,(anonymous_8)
FN:33,(anonymous_9)
FNF:9
FNH:9
FNDA:2,(anonymous_1)
FNDA:0,(anonymous_2)
FNDA:2,_interopRequireDefault
FNDA:1,(anonymous_4)
FNDA:1,(anonymous_5)
FNDA:1,(anonymous_6)
FNDA:1,(anonymous_7)
FNDA:1,(anonymous_8)
FNDA:1,(anonymous_9)
DA:0,2
DA:5,1
DA:6,1
DA:7,1
DA:9,1
DA:10,1
DA:12,1
DA:13,1
DA:16,1
DA:17,1
DA:18,1
DA:22,1
DA:23,1
DA:24,1
LF:14
LH:14
BRDA:3,1,0,1
BRDA:3,1,1,0
BRDA:3,2,0,1
BRDA:3,2,1,1
BRDA:3,3,0,0
BRDA:3,3,1,0
BRDA:3,4,0,0
BRDA:3,4,1,0
BRDA:3,4,2,0
BRDA:17,5,0,1
BRDA:17,5,1,1
BRDA:17,6,0,2
BRDA:17,6,1,2
BRF:13
BRH:13
end_of_record
TN:
SF:/Users/PTS/coding-house/InterviewAppServer/app/utils/asyncInjectors.js
FN:25,_interopRequireDefault
FN:30,checkStore
FN:45,injectAsyncReducer
FN:46,injectReducer
FN:59,injectAsyncSagas
FN:60,injectSagas
FN:74,getAsyncInjectors
FNF:7
FNH:7
FNDA:3,_interopRequireDefault
FNDA:10,checkStore
FNDA:4,injectAsyncReducer
FNDA:6,injectReducer
FNDA:3,injectAsyncSagas
FNDA:4,injectSagas
FNDA:2,getAsyncInjectors
DA:0,3
DA:1,1
DA:2,1
DA:3,1
DA:4,1
DA:9,1
DA:10,10
DA:18,10
DA:27,1
DA:28,4
DA:29,6
DA:31,6
DA:36,2
DA:37,2
DA:44,1
DA:45,3
DA:46,4
DA:48,4
DA:53,2
DA:58,2
DA:65,1
DA:66,2
DA:68,1
LF:23
LH:23
BRDA:25,1,0,1
BRDA:25,1,1,2
BRDA:25,2,0,3
BRDA:25,2,1,3
BRDA:47,3,0,5
BRDA:47,3,1,1
BRDA:49,4,0,6
BRDA:49,4,1,5
BRDA:49,4,2,4
BRDA:61,5,0,3
BRDA:61,5,1,1
BRF:11
BRH:11
end_of_record
TN:
SF:/Users/PTS/coding-house/InterviewAppServer/app/utils/tests/asyncInjectors.test.js
FN:19,_interopRequireDefault
FN:29,reducer
FN:41,testSaga
FN:42,testSaga$
FN:59,(anonymous_5)
FN:62,(anonymous_6)
FN:63,(anonymous_7)
FN:67,(anonymous_8)
FN:83,(anonymous_9)
FN:98,(anonymous_10)
FN:99,(anonymous_11)
FN:103,(anonymous_12)
FN:104,(anonymous_13)
FN:115,(anonymous_14)
FN:135,(anonymous_15)
FN:156,(anonymous_16)
FN:157,(anonymous_17)
FN:168,(anonymous_18)
FNF:18
FNH:18
FNDA:2,_interopRequireDefault
FNDA:4,reducer
FNDA:2,testSaga
FNDA:4,testSaga$
FNDA:1,(anonymous_5)
FNDA:1,(anonymous_6)
FNDA:1,(anonymous_7)
FNDA:1,(anonymous_8)
FNDA:1,(anonymous_9)
FNDA:1,(anonymous_10)
FNDA:1,(anonymous_11)
FNDA:1,(anonymous_12)
FNDA:1,(anonymous_13)
FNDA:1,(anonymous_14)
FNDA:1,(anonymous_15)
FNDA:1,(anonymous_16)
FNDA:1,(anonymous_17)
FNDA:1,(anonymous_18)
DA:0,2
DA:5,1
DA:6,1
DA:7,1
DA:8,1
DA:9,1
DA:11,1
DA:19,1
DA:21,4
DA:22,4
DA:24,2
DA:26,2
DA:30,4
DA:34,1
DA:38,1
DA:39,1
DA:41,1
DA:42,1
DA:43,1
DA:46,1
DA:49,1
DA:50,1
DA:52,1
DA:53,1
DA:55,1
DA:58,1
DA:59,1
DA:61,1
DA:63,1
DA:64,1
DA:66,1
DA:69,1
DA:73,1
DA:74,1
DA:75,1
DA:78,1
DA:79,1
DA:80,1
DA:82,1
DA:84,1
DA:85,1
DA:87,1
DA:90,1
DA:91,1
DA:93,1
DA:95,1
DA:96,1
DA:98,1
DA:101,1
DA:102,1
DA:104,1
DA:107,1
DA:110,1
DA:111,1
DA:113,1
DA:115,1
DA:116,1
DA:118,1
DA:121,1
DA:122,1
DA:124,1
DA:127,1
DA:131,1
DA:132,1
DA:133,1
DA:135,1
DA:137,1
DA:138,1
DA:140,1
DA:143,1
DA:144,1
DA:146,1
DA:148,1
DA:149,1
DA:151,1
DA:154,1
DA:155,1
DA:157,1
DA:160,1
LF:79
LH:79
BRDA:19,1,0,1
BRDA:19,1,1,1
BRDA:19,2,0,2
BRDA:19,2,1,2
BRDA:30,3,0,2
BRDA:30,3,1,2
BRDA:30,4,0,4
BRDA:30,4,1,4
BRDA:33,5,0,2
BRDA:33,5,1,2
BRDA:44,6,0,2
BRDA:44,6,1,2
BRDA:44,6,2,2
BRF:13
BRH:13
end_of_record
TN:
SF:/Users/PTS/coding-house/InterviewAppServer/app/utils/tests/request.test.js
FN:15,_interopRequireDefault
FN:17,(anonymous_2)
FN:19,(anonymous_3)
FN:24,(anonymous_4)
FN:28,(anonymous_5)
FN:30,(anonymous_6)
FN:41,(anonymous_7)
FN:42,(anonymous_8)
FN:49,(anonymous_9)
FN:51,(anonymous_10)
FN:63,(anonymous_11)
FN:64,(anonymous_12)
FNF:12
FNH:12
FNDA:3,_interopRequireDefault
FNDA:1,(anonymous_2)
FNDA:2,(anonymous_3)
FNDA:2,(anonymous_4)
FNDA:1,(anonymous_5)
FNDA:1,(anonymous_6)
FNDA:1,(anonymous_7)
FNDA:1,(anonymous_8)
FNDA:1,(anonymous_9)
FNDA:1,(anonymous_10)
FNDA:1,(anonymous_11)
FNDA:1,(anonymous_12)
DA:0,3
DA:5,1
DA:6,1
DA:7,1
DA:11,1
DA:12,2
DA:16,1
DA:17,2
DA:20,1
DA:22,1
DA:23,1
DA:30,1
DA:33,1
DA:34,1
DA:37,1
DA:38,1
DA:43,1
DA:45,1
DA:46,1
DA:54,1
DA:57,1
DA:58,1
DA:60,1
DA:61,1
DA:62,1
LF:25
LH:25
BRDA:15,1,0,1
BRDA:15,1,1,2
BRDA:15,2,0,3
BRDA:15,2,1,3
BRF:4
BRH:4
end_of_record
